<?xml version="1.0" encoding="UTF-8"?>
<testng-results skipped="0" failed="0" total="1" passed="1">
  <reporter-output>
  </reporter-output>
  <suite name="Default suite" duration-ms="14939" started-at="2019-07-14T13:03:20Z" finished-at="2019-07-14T13:03:35Z">
    <groups>
    </groups>
    <test name="Default test" duration-ms="14939" started-at="2019-07-14T13:03:20Z" finished-at="2019-07-14T13:03:35Z">
      <class name="rawalji.Acd">
        <test-method status="PASS" signature="open()[pri:0, instance:rawalji.Acd@396a51ab]" name="open" duration-ms="14904" started-at="2019-07-14T18:33:20Z" finished-at="2019-07-14T18:33:35Z">
          <reporter-output>
          </reporter-output>
        </test-method> <!-- open -->
      </class> <!-- rawalji.Acd -->
    </test> <!-- Default test -->
  </suite> <!-- Default suite -->
</testng-results>
