<?xml version="1.0" encoding="UTF-8"?>
<!-- Generated by org.testng.reporters.JUnitXMLReporter -->
<testsuite hostname="Rawal-PC" name="Surefire test" tests="1" failures="1" timestamp="30 Sep 2019 17:27:48 GMT" time="1.83" errors="0">
  <testcase name="getapiwithoutheader" time="1.782" classname="com.qa.tests.GetApiTest">
    <failure type="org.apache.http.client.ClientProtocolException">
      <![CDATA[org.apache.http.client.ClientProtocolException
	at org.apache.http.impl.client.InternalHttpClient.doExecute(InternalHttpClient.java:187)
	at org.apache.http.impl.client.CloseableHttpClient.execute(CloseableHttpClient.java:83)
	at org.apache.http.impl.client.CloseableHttpClient.execute(CloseableHttpClient.java:108)
	at client.Restclient.get(Restclient.java:26)
	at com.qa.tests.GetApiTest.getapiwithoutheader(GetApiTest.java:47)
Caused by: org.apache.http.ProtocolException: Target host is not specified
	at org.apache.http.impl.conn.DefaultRoutePlanner.determineRoute(DefaultRoutePlanner.java:71)
	at org.apache.http.impl.client.InternalHttpClient.determineRoute(InternalHttpClient.java:125)
	at org.apache.http.impl.client.InternalHttpClient.doExecute(InternalHttpClient.java:184)
	... 33 more
... Removed 29 stack frames]]>
    </failure>
  </testcase> <!-- getapiwithoutheader -->
</testsuite> <!-- Surefire test -->
