<?xml version="1.0" encoding="UTF-8"?>
<testsuite xmlns:xsi="http://www.w3.org/2001/XMLSchema-instance" xsi:noNamespaceSchemaLocation="https://maven.apache.org/surefire/maven-surefire-plugin/xsd/surefire-test-report-3.0.xsd" version="3.0" name="com.qa.tests.GetApiTest" time="3.064" tests="1" errors="0" skipped="0" failures="1">
  <properties>
[...]
</properties>
  <testcase name="getapiwithoutheader" classname="com.qa.tests.GetApiTest" time="1.794">
    <failure type="org.apache.http.client.ClientProtocolException">org.apache.http.client.ClientProtocolException
	at com.qa.tests.GetApiTest.getapiwithoutheader(GetApiTest.java:47)
Caused by: org.apache.http.ProtocolException: Target host is not specified
	at com.qa.tests.GetApiTest.getapiwithoutheader(GetApiTest.java:47)
</failure>
  </testcase>
</testsuite>