<?xml version="1.0" encoding="UTF-8"?>
<!-- Generated by org.testng.reporters.JUnitXMLReporter -->
<testsuite hostname="Rawal-PC" name="Test" tests="1" failures="1" timestamp="14 Jul 2019 08:52:35 GMT" time="0.232" errors="0">
  <testcase name="signup" time="0.18" classname="datadriven_Testing.Signup">
    <failure type="java.lang.NullPointerException">
      <![CDATA[java.lang.NullPointerException
	at org.openqa.selenium.support.pagefactory.DefaultElementLocator.findElement(DefaultElementLocator.java:69)
	at org.openqa.selenium.support.pagefactory.internal.LocatingElementHandler.invoke(LocatingElementHandler.java:38)
	at com.sun.proxy.$Proxy8.sendKeys(Unknown Source)
	at com.facebook.qa.pages.AccountCreation.accountCreation(AccountCreation.java:47)
	at datadriven_Testing.Signup.signup(Signup.java:19)
... Removed 24 stack frames]]>
    </failure>
  </testcase> <!-- signup -->
</testsuite> <!-- Test -->
